#-----------------------------------------------------------
# Vivado v2018.3 (64-bit)
# SW Build 2405991 on Thu Dec  6 23:38:27 MST 2018
# IP Build 2404404 on Fri Dec  7 01:43:56 MST 2018
# Start of session at: Tue May 26 21:57:21 2020
# Process ID: 14500
# Current directory: D:/HW-Lab-Project/HW-Lab-Project
# Command line: vivado.exe -gui_launcher_event rodinguilauncherevent980 D:\HW-Lab-Project\HW-Lab-Project\HW-Lab-Project.xpr
# Log file: D:/HW-Lab-Project/HW-Lab-Project/vivado.log
# Journal file: D:/HW-Lab-Project/HW-Lab-Project\vivado.jou
#-----------------------------------------------------------
start_gui
open_project D:/HW-Lab-Project/HW-Lab-Project/HW-Lab-Project.xpr
INFO: [Project 1-313] Project file moved from 'C:/Users/d1945/Documents/GitHub/HW-Lab-Project/HW-Lab-Project' since last save.
Scanning sources...
Finished scanning sources
CRITICAL WARNING: [Project 1-192] Failed to load run synth_1. Strategy Vivado Synthesis Defaults (Vivado Synthesis 2019) not recognized by Vivado. 

CRITICAL WARNING: [Project 1-192] Failed to load run impl_1. Strategy Vivado Implementation Defaults (Vivado Implementation 2019) not recognized by Vivado. 

CRITICAL WARNING: [Project 1-505] Unrecognized Option Name DcpsUptoDate
WARNING: [Project 1-231] Project 'HW-Lab-Project.xpr' was created with a future version and may or may not perform reliably with this version of Vivado. It has been opened in read-only mode for the protection of unrecognized data. Use 'File | Save Project As...' if you wish to alter a copy of the project.
INFO: [IP_Flow 19-234] Refreshing IP repositories
INFO: [IP_Flow 19-1704] No user IP repositories specified
INFO: [IP_Flow 19-2313] Loaded Vivado IP repository 'C:/Xilinx/Vivado/2018.3/data/ip'.
open_project: Time (s): cpu = 00:00:27 ; elapsed = 00:00:18 . Memory (MB): peak = 682.309 ; gain = 105.078
update_compile_order -fileset sources_1
exit
INFO: [Common 17-206] Exiting Vivado at Tue May 26 22:04:50 2020...
