#-----------------------------------------------------------
# Vivado v2018.3 (64-bit)
# SW Build 2405991 on Thu Dec  6 23:38:27 MST 2018
# IP Build 2404404 on Fri Dec  7 01:43:56 MST 2018
# Start of session at: Tue May 26 22:04:57 2020
# Process ID: 12952
# Current directory: D:/HW-Lab-Project/HW-Lab-Project
# Command line: vivado.exe -gui_launcher_event rodinguilauncherevent1160 D:\HW-Lab-Project\HW-Lab-Project\HW-Lab-Project.xpr
# Log file: D:/HW-Lab-Project/HW-Lab-Project/vivado.log
# Journal file: D:/HW-Lab-Project/HW-Lab-Project\vivado.jou
#-----------------------------------------------------------
start_gui
open_project D:/HW-Lab-Project/HW-Lab-Project/HW-Lab-Project.xpr
INFO: [Project 1-313] Project file moved from 'C:/Users/d1945/Documents/GitHub/HW-Lab-Project/HW-Lab-Project' since last save.
Scanning sources...
Finished scanning sources
CRITICAL WARNING: [Project 1-192] Failed to load run synth_1. Strategy Vivado Synthesis Defaults (Vivado Synthesis 2019) not recognized by Vivado. 

CRITICAL WARNING: [Project 1-192] Failed to load run impl_1. Strategy Vivado Implementation Defaults (Vivado Implementation 2019) not recognized by Vivado. 

CRITICAL WARNING: [Project 1-505] Unrecognized Option Name DcpsUptoDate
WARNING: [Project 1-231] Project 'HW-Lab-Project.xpr' was created with a future version and may or may not perform reliably with this version of Vivado. It has been opened in read-only mode for the protection of unrecognized data. Use 'File | Save Project As...' if you wish to alter a copy of the project.
INFO: [IP_Flow 19-234] Refreshing IP repositories
INFO: [IP_Flow 19-1704] No user IP repositories specified
INFO: [IP_Flow 19-2313] Loaded Vivado IP repository 'C:/Xilinx/Vivado/2018.3/data/ip'.
open_project: Time (s): cpu = 00:00:28 ; elapsed = 00:00:16 . Memory (MB): peak = 659.617 ; gain = 74.477
update_compile_order -fileset sources_1
save_project_as hw-lab-project-new D:/hw-lab-project-new -force
save_project_as: Time (s): cpu = 00:00:25 ; elapsed = 00:00:12 . Memory (MB): peak = 703.945 ; gain = 10.129
file mkdir D:/hw-lab-project-new/hw-lab-project-new.srcs/sources_1/new
close [ open D:/hw-lab-project-new/hw-lab-project-new.srcs/sources_1/new/uartSystem.v w ]
add_files D:/hw-lab-project-new/hw-lab-project-new.srcs/sources_1/new/uartSystem.v
update_compile_order -fileset sources_1
close [ open D:/hw-lab-project-new/hw-lab-project-new.srcs/sources_1/new/receiver.v w ]
add_files D:/hw-lab-project-new/hw-lab-project-new.srcs/sources_1/new/receiver.v
update_compile_order -fileset sources_1
close [ open D:/hw-lab-project-new/hw-lab-project-new.srcs/sources_1/new/transmitter.v w ]
add_files D:/hw-lab-project-new/hw-lab-project-new.srcs/sources_1/new/transmitter.v
update_compile_order -fileset sources_1
close [ open D:/hw-lab-project-new/hw-lab-project-new.srcs/sources_1/new/baudrate_gen.v w ]
add_files D:/hw-lab-project-new/hw-lab-project-new.srcs/sources_1/new/baudrate_gen.v
update_compile_order -fileset sources_1
launch_runs impl_1 -to_step write_bitstream -jobs 4
[Tue May 26 22:37:27 2020] Launched synth_1...
Run output will be captured here: D:/hw-lab-project-new/hw-lab-project-new.runs/synth_1/runme.log
[Tue May 26 22:37:27 2020] Launched impl_1...
Run output will be captured here: D:/hw-lab-project-new/hw-lab-project-new.runs/impl_1/runme.log
reset_run synth_1
launch_runs synth_1 -jobs 4
[Tue May 26 22:39:27 2020] Launched synth_1...
Run output will be captured here: D:/hw-lab-project-new/hw-lab-project-new.runs/synth_1/runme.log
reset_run synth_1
launch_runs impl_1 -to_step write_bitstream -jobs 4
[Tue May 26 22:42:36 2020] Launched synth_1...
Run output will be captured here: D:/hw-lab-project-new/hw-lab-project-new.runs/synth_1/runme.log
[Tue May 26 22:42:36 2020] Launched impl_1...
Run output will be captured here: D:/hw-lab-project-new/hw-lab-project-new.runs/impl_1/runme.log
update_compile_order -fileset sources_1
reset_run synth_1
launch_runs impl_1 -to_step write_bitstream -jobs 4
[Tue May 26 22:43:32 2020] Launched synth_1...
Run output will be captured here: D:/hw-lab-project-new/hw-lab-project-new.runs/synth_1/runme.log
[Tue May 26 22:43:32 2020] Launched impl_1...
Run output will be captured here: D:/hw-lab-project-new/hw-lab-project-new.runs/impl_1/runme.log
update_compile_order -fileset sources_1
WARNING: [Board 49-26] cannot add Board Part digilentinc.com:genesys2:part0:1.1 available at C:/Xilinx/Vivado/2018.3/data/boards/board_files/genesys2/H/board.xml as part xc7k325tffg900-2 specified in board_part file is either invalid or not available
WARNING: [Board 49-26] cannot add Board Part digilentinc.com:sword:part0:1.0 available at C:/Xilinx/Vivado/2018.3/data/boards/board_files/sword/C.0/board.xml as part xc7k325tffg900-2 specified in board_part file is either invalid or not available
WARNING: [Board 49-26] cannot add Board Part digilentinc.com:genesys2:part0:1.1 available at C:/Xilinx/Vivado/2018.3/data/boards/board_files/genesys2/H/board.xml as part xc7k325tffg900-2 specified in board_part file is either invalid or not available
WARNING: [Board 49-26] cannot add Board Part digilentinc.com:sword:part0:1.0 available at C:/Xilinx/Vivado/2018.3/data/boards/board_files/sword/C.0/board.xml as part xc7k325tffg900-2 specified in board_part file is either invalid or not available
WARNING: [Board 49-26] cannot add Board Part digilentinc.com:genesys2:part0:1.1 available at C:/Xilinx/Vivado/2018.3/data/boards/board_files/genesys2/H/board.xml as part xc7k325tffg900-2 specified in board_part file is either invalid or not available
WARNING: [Board 49-26] cannot add Board Part digilentinc.com:sword:part0:1.0 available at C:/Xilinx/Vivado/2018.3/data/boards/board_files/sword/C.0/board.xml as part xc7k325tffg900-2 specified in board_part file is either invalid or not available
WARNING: [Board 49-26] cannot add Board Part digilentinc.com:genesys2:part0:1.1 available at C:/Xilinx/Vivado/2018.3/data/boards/board_files/genesys2/H/board.xml as part xc7k325tffg900-2 specified in board_part file is either invalid or not available
WARNING: [Board 49-26] cannot add Board Part digilentinc.com:sword:part0:1.0 available at C:/Xilinx/Vivado/2018.3/data/boards/board_files/sword/C.0/board.xml as part xc7k325tffg900-2 specified in board_part file is either invalid or not available
WARNING: [Board 49-26] cannot add Board Part digilentinc.com:genesys2:part0:1.1 available at C:/Xilinx/Vivado/2018.3/data/boards/board_files/genesys2/H/board.xml as part xc7k325tffg900-2 specified in board_part file is either invalid or not available
WARNING: [Board 49-26] cannot add Board Part digilentinc.com:sword:part0:1.0 available at C:/Xilinx/Vivado/2018.3/data/boards/board_files/sword/C.0/board.xml as part xc7k325tffg900-2 specified in board_part file is either invalid or not available
WARNING: [Board 49-26] cannot add Board Part digilentinc.com:genesys2:part0:1.1 available at C:/Xilinx/Vivado/2018.3/data/boards/board_files/genesys2/H/board.xml as part xc7k325tffg900-2 specified in board_part file is either invalid or not available
WARNING: [Board 49-26] cannot add Board Part digilentinc.com:sword:part0:1.0 available at C:/Xilinx/Vivado/2018.3/data/boards/board_files/sword/C.0/board.xml as part xc7k325tffg900-2 specified in board_part file is either invalid or not available
WARNING: [Board 49-26] cannot add Board Part digilentinc.com:genesys2:part0:1.1 available at C:/Xilinx/Vivado/2018.3/data/boards/board_files/genesys2/H/board.xml as part xc7k325tffg900-2 specified in board_part file is either invalid or not available
WARNING: [Board 49-26] cannot add Board Part digilentinc.com:sword:part0:1.0 available at C:/Xilinx/Vivado/2018.3/data/boards/board_files/sword/C.0/board.xml as part xc7k325tffg900-2 specified in board_part file is either invalid or not available
WARNING: [Board 49-26] cannot add Board Part digilentinc.com:genesys2:part0:1.1 available at C:/Xilinx/Vivado/2018.3/data/boards/board_files/genesys2/H/board.xml as part xc7k325tffg900-2 specified in board_part file is either invalid or not available
WARNING: [Board 49-26] cannot add Board Part digilentinc.com:sword:part0:1.0 available at C:/Xilinx/Vivado/2018.3/data/boards/board_files/sword/C.0/board.xml as part xc7k325tffg900-2 specified in board_part file is either invalid or not available
WARNING: [Board 49-26] cannot add Board Part digilentinc.com:genesys2:part0:1.1 available at C:/Xilinx/Vivado/2018.3/data/boards/board_files/genesys2/H/board.xml as part xc7k325tffg900-2 specified in board_part file is either invalid or not available
WARNING: [Board 49-26] cannot add Board Part digilentinc.com:sword:part0:1.0 available at C:/Xilinx/Vivado/2018.3/data/boards/board_files/sword/C.0/board.xml as part xc7k325tffg900-2 specified in board_part file is either invalid or not available
WARNING: [Board 49-26] cannot add Board Part digilentinc.com:genesys2:part0:1.1 available at C:/Xilinx/Vivado/2018.3/data/boards/board_files/genesys2/H/board.xml as part xc7k325tffg900-2 specified in board_part file is either invalid or not available
WARNING: [Board 49-26] cannot add Board Part digilentinc.com:sword:part0:1.0 available at C:/Xilinx/Vivado/2018.3/data/boards/board_files/sword/C.0/board.xml as part xc7k325tffg900-2 specified in board_part file is either invalid or not available
WARNING: [Board 49-26] cannot add Board Part digilentinc.com:genesys2:part0:1.1 available at C:/Xilinx/Vivado/2018.3/data/boards/board_files/genesys2/H/board.xml as part xc7k325tffg900-2 specified in board_part file is either invalid or not available
WARNING: [Board 49-26] cannot add Board Part digilentinc.com:sword:part0:1.0 available at C:/Xilinx/Vivado/2018.3/data/boards/board_files/sword/C.0/board.xml as part xc7k325tffg900-2 specified in board_part file is either invalid or not available
WARNING: [Board 49-26] cannot add Board Part digilentinc.com:genesys2:part0:1.1 available at C:/Xilinx/Vivado/2018.3/data/boards/board_files/genesys2/H/board.xml as part xc7k325tffg900-2 specified in board_part file is either invalid or not available
WARNING: [Board 49-26] cannot add Board Part digilentinc.com:sword:part0:1.0 available at C:/Xilinx/Vivado/2018.3/data/boards/board_files/sword/C.0/board.xml as part xc7k325tffg900-2 specified in board_part file is either invalid or not available
WARNING: [Board 49-26] cannot add Board Part digilentinc.com:genesys2:part0:1.1 available at C:/Xilinx/Vivado/2018.3/data/boards/board_files/genesys2/H/board.xml as part xc7k325tffg900-2 specified in board_part file is either invalid or not available
WARNING: [Board 49-26] cannot add Board Part digilentinc.com:sword:part0:1.0 available at C:/Xilinx/Vivado/2018.3/data/boards/board_files/sword/C.0/board.xml as part xc7k325tffg900-2 specified in board_part file is either invalid or not available
WARNING: [Board 49-26] cannot add Board Part digilentinc.com:genesys2:part0:1.1 available at C:/Xilinx/Vivado/2018.3/data/boards/board_files/genesys2/H/board.xml as part xc7k325tffg900-2 specified in board_part file is either invalid or not available
WARNING: [Board 49-26] cannot add Board Part digilentinc.com:sword:part0:1.0 available at C:/Xilinx/Vivado/2018.3/data/boards/board_files/sword/C.0/board.xml as part xc7k325tffg900-2 specified in board_part file is either invalid or not available
create_project VIVADO_uart D:/VIVADO_uart -part xc7a35tcpg236-1
INFO: [IP_Flow 19-234] Refreshing IP repositories
INFO: [IP_Flow 19-1704] No user IP repositories specified
INFO: [IP_Flow 19-2313] Loaded Vivado IP repository 'C:/Xilinx/Vivado/2018.3/data/ip'.
create_project: Time (s): cpu = 00:00:08 ; elapsed = 00:00:06 . Memory (MB): peak = 866.234 ; gain = 44.348
set_property board_part digilentinc.com:basys3:part0:1.1 [current_project]
add_files -fileset constrs_1 -norecurse D:/HW-Lab-Project/HW-Lab-Project/HW-Lab-Project.srcs/constrs_1/imports/Downloads/Basys-3-Master.xdc
add_files -norecurse {D:/hw-lab-project-new/hw-lab-project-new.srcs/sources_1/new/baudrate_gen.v D:/hw-lab-project-new/hw-lab-project-new.srcs/sources_1/new/transmitter.v D:/hw-lab-project-new/hw-lab-project-new.srcs/sources_1/new/receiver.v D:/hw-lab-project-new/hw-lab-project-new.srcs/sources_1/new/uartSystem.v}
WARNING: [filemgmt 56-199] Attempt to get parsing info during refresh. "On-the-fly" syntax checking information may be incorrect. [D:/hw-lab-project-new/hw-lab-project-new.srcs/sources_1/new/uartSystem.v:]
WARNING: [filemgmt 56-199] Attempt to get parsing info during refresh. "On-the-fly" syntax checking information may be incorrect. [D:/hw-lab-project-new/hw-lab-project-new.srcs/sources_1/new/baudrate_gen.v:]
WARNING: [filemgmt 56-199] Attempt to get parsing info during refresh. "On-the-fly" syntax checking information may be incorrect. [D:/hw-lab-project-new/hw-lab-project-new.srcs/sources_1/new/receiver.v:]
WARNING: [filemgmt 56-199] Attempt to get parsing info during refresh. "On-the-fly" syntax checking information may be incorrect. [D:/hw-lab-project-new/hw-lab-project-new.srcs/sources_1/new/transmitter.v:]
WARNING: [filemgmt 56-199] Attempt to get parsing info during refresh. "On-the-fly" syntax checking information may be incorrect. [D:/hw-lab-project-new/hw-lab-project-new.srcs/sources_1/imports/new/top.v:]
WARNING: [filemgmt 56-199] Attempt to get parsing info during refresh. "On-the-fly" syntax checking information may be incorrect. [D:/hw-lab-project-new/hw-lab-project-new.srcs/sources_1/new/uartSystem.v:]
WARNING: [filemgmt 56-199] Attempt to get parsing info during refresh. "On-the-fly" syntax checking information may be incorrect. [D:/hw-lab-project-new/hw-lab-project-new.srcs/sources_1/new/baudrate_gen.v:]
WARNING: [filemgmt 56-199] Attempt to get parsing info during refresh. "On-the-fly" syntax checking information may be incorrect. [D:/hw-lab-project-new/hw-lab-project-new.srcs/sources_1/new/receiver.v:]
WARNING: [filemgmt 56-199] Attempt to get parsing info during refresh. "On-the-fly" syntax checking information may be incorrect. [D:/hw-lab-project-new/hw-lab-project-new.srcs/sources_1/new/transmitter.v:]
WARNING: [filemgmt 56-199] Attempt to get parsing info during refresh. "On-the-fly" syntax checking information may be incorrect. [D:/hw-lab-project-new/hw-lab-project-new.srcs/sources_1/imports/new/top.v:]
WARNING: [filemgmt 56-199] Attempt to get parsing info during refresh. "On-the-fly" syntax checking information may be incorrect. [D:/hw-lab-project-new/hw-lab-project-new.srcs/sources_1/new/uartSystem.v:]
WARNING: [filemgmt 56-199] Attempt to get parsing info during refresh. "On-the-fly" syntax checking information may be incorrect. [D:/hw-lab-project-new/hw-lab-project-new.srcs/sources_1/new/baudrate_gen.v:]
WARNING: [filemgmt 56-199] Attempt to get parsing info during refresh. "On-the-fly" syntax checking information may be incorrect. [D:/hw-lab-project-new/hw-lab-project-new.srcs/sources_1/new/receiver.v:]
WARNING: [filemgmt 56-199] Attempt to get parsing info during refresh. "On-the-fly" syntax checking information may be incorrect. [D:/hw-lab-project-new/hw-lab-project-new.srcs/sources_1/new/transmitter.v:]
WARNING: [filemgmt 56-199] Attempt to get parsing info during refresh. "On-the-fly" syntax checking information may be incorrect. [D:/hw-lab-project-new/hw-lab-project-new.srcs/sources_1/imports/new/top.v:]
ERROR: [Common 17-180] Spawn failed: No error
update_compile_order -fileset sources_1
launch_runs impl_1 -to_step write_bitstream -jobs 4
[Tue May 26 23:01:43 2020] Launched synth_1...
Run output will be captured here: D:/VIVADO_uart/VIVADO_uart.runs/synth_1/runme.log
[Tue May 26 23:01:43 2020] Launched impl_1...
Run output will be captured here: D:/VIVADO_uart/VIVADO_uart.runs/impl_1/runme.log
current_project hw-lab-project-new
reset_run synth_1
launch_runs impl_1 -to_step write_bitstream -jobs 4
[Tue May 26 23:13:50 2020] Launched synth_1...
Run output will be captured here: D:/hw-lab-project-new/hw-lab-project-new.runs/synth_1/runme.log
[Tue May 26 23:13:50 2020] Launched impl_1...
Run output will be captured here: D:/hw-lab-project-new/hw-lab-project-new.runs/impl_1/runme.log
current_project VIVADO_uart
current_project hw-lab-project-new
reset_run synth_1
launch_runs impl_1 -to_step write_bitstream -jobs 4
[Tue May 26 23:16:39 2020] Launched synth_1...
Run output will be captured here: D:/hw-lab-project-new/hw-lab-project-new.runs/synth_1/runme.log
[Tue May 26 23:16:39 2020] Launched impl_1...
Run output will be captured here: D:/hw-lab-project-new/hw-lab-project-new.runs/impl_1/runme.log
close_project
exit
INFO: [Common 17-206] Exiting Vivado at Tue May 26 23:43:36 2020...
